<?xml version="1.0" encoding="UTF-8"?>
<!-- Generated by org.testng.reporters.JUnitXMLReporter -->
<testsuite ignored="2" hostname="DESKTOP-9VDS6PL" failures="0" tests="1" name="Default test(failed)" time="21.786" errors="0" timestamp="2022-09-18T22:10:49 IST">
  <testcase classname="Pack23.IrctcTestNG" name="verifyToSleeperButton" time="5.252"/>
  <testcase classname="Pack23.IrctcTestNG" name="verifyToCheckBox" time="0.0">
    <ignored/>
  </testcase> <!-- verifyToCheckBox -->
  <testcase classname="Pack23.IrctcTestNG" name="verifyModifySearchButton" time="0.0">
    <ignored/>
  </testcase> <!-- verifyModifySearchButton -->
</testsuite> <!-- Default test(failed) -->
